
Showing logs for build [32mcb-kubecd-environment-pr-178-9-xdsf7-1[0m stage [32mfrom-build-pack[0m and container [32mstep-credential-initializer-dpmpg[0m
{"level":"warn","ts":1583880447.2384758,"logger":"fallback-logger","caller":"logging/config.go:69","msg":"Fetch GitHub commit ID from kodata failed: \"ref: refs/heads/0.8.0-**-support-backwards-incompats\" is not a valid GitHub commit ID"}
{"level":"info","ts":1583880447.2399411,"logger":"fallback-logger","caller":"creds-init/main.go:40","msg":"Credentials initialized."}

Showing logs for build [32mcb-kubecd-environment-pr-178-9-xdsf7-1[0m stage [32mfrom-build-pack[0m and container [32mstep-working-dir-initializer-p47lk[0m
{"level":"warn","ts":1583880448.6714616,"logger":"fallback-logger","caller":"logging/config.go:69","msg":"Fetch GitHub commit ID from kodata failed: open /var/run/ko/HEAD: no such file or directory"}
{"level":"info","ts":1583880448.6776466,"logger":"fallback-logger","caller":"bash/main.go:64","msg":"Successfully executed command \"sh -c mkdir -p /workspace/source\"; output "}

Showing logs for build [32mcb-kubecd-environment-pr-178-9-xdsf7-1[0m stage [32mfrom-build-pack[0m and container [32mstep-place-tools[0m

Showing logs for build [32mcb-kubecd-environment-pr-178-9-xdsf7-1[0m stage [32mfrom-build-pack[0m and container [32mstep-git-source-cb-kubecd-environment-pr-178-9-xdsf7-wd7rp[0m
{"level":"warn","ts":1583880452.6837497,"logger":"fallback-logger","caller":"logging/config.go:69","msg":"Fetch GitHub commit ID from kodata failed: \"ref: refs/heads/0.8.0-**-support-backwards-incompats\" is not a valid GitHub commit ID"}
{"level":"info","ts":1583880453.762502,"logger":"fallback-logger","caller":"git/git.go:103","msg":"Successfully cloned https://github.com/cb-kubecd/environment-pr-178-9-boot-gke-staging.git @ master in path /workspace/source"}

Showing logs for build [32mcb-kubecd-environment-pr-178-9-xdsf7-1[0m stage [32mfrom-build-pack[0m and container [32mstep-git-merge[0m
Using SHAs from PULL_REFS=master:d6a67d2df1785b29bbc1d98f71b7259a9084c9bc,2:a1b7201a0a1cfc7d54fe48a33c64dfecea7b6931
DEBUG: LC_ALL=C JX_LOG_LEVEL=error git fetch origin --unshallow a1b7201a0a1cfc7d54fe48a33c64dfecea7b6931: d6a67d2df1785b29bbc1d98f71b7259a9084c9bc:
DEBUG: ran git fetch --unshallow origin a1b7201a0a1cfc7d54fe48a33c64dfecea7b6931: d6a67d2df1785b29bbc1d98f71b7259a9084c9bc: in 
DEBUG: LC_ALL=C JX_LOG_LEVEL=error git branch
DEBUG: LC_ALL=C JX_LOG_LEVEL=error git checkout master
DEBUG: ran git checkout master in 
DEBUG: LC_ALL=C JX_LOG_LEVEL=error git reset --hard d6a67d2df1785b29bbc1d98f71b7259a9084c9bc
DEBUG: ran git reset --hard d6a67d2df1785b29bbc1d98f71b7259a9084c9bc in 
DEBUG: LC_ALL=C JX_LOG_LEVEL=error git clean -fd .
DEBUG: ran clean --force -d . in 
DEBUG: LC_ALL=C JX_LOG_LEVEL=error git merge a1b7201a0a1cfc7d54fe48a33c64dfecea7b6931
DEBUG: ran git merge a1b7201a0a1cfc7d54fe48a33c64dfecea7b6931 in 
DEBUG: LC_ALL=C JX_LOG_LEVEL=error git log --format=%H%x1f%an%x1f%ae%x1f%cn%x1f%ce%x1f%s%n%b%x1e d6a67d2df1785b29bbc1d98f71b7259a9084c9bc..HEAD
Merged SHA a1b7201a0a1cfc7d54fe48a33c64dfecea7b6931 with commit message 'chore: Promote bdd-nh-1583880107 to version 0.0.1' into base branch master

Showing logs for build [32mcb-kubecd-environment-pr-178-9-xdsf7-1[0m stage [32mfrom-build-pack[0m and container [32mstep-build-helm-build[0m
WARNING: No $CHART_REPOSITORY defined so using the default value of: http://jenkins-x-chartmuseum:8080
Adding missing Helm repo: storage.googleapis.com https://storage.googleapis.com/chartmuseum.jenkins-x.io
WARNING: No secrets found on "helm/repos" due: reading the secret "helm/repos" from vault: no secret "helm/repos" not found in vault
Read credentials for https://storage.googleapis.com/chartmuseum.jenkins-x.io from vault helm/repos
Successfully added Helm repository storage.googleapis.com.
Adding missing Helm repo: jenkins-x-chartmuseum http://jenkins-x-chartmuseum:8080
WARNING: No secrets found on "helm/repos" due: reading the secret "helm/repos" from vault: no secret "helm/repos" not found in vault
Read credentials for http://jenkins-x-chartmuseum:8080 from vault helm/repos
Successfully added Helm repository jenkins-x-chartmuseum.
WARNING: No $CHART_REPOSITORY defined so using the default value of: http://jenkins-x-chartmuseum:8080
Adding missing Helm repo: chartmuseum.jenkins-x.io http://chartmuseum.jenkins-x.io
WARNING: No secrets found on "helm/repos" due: reading the secret "helm/repos" from vault: no secret "helm/repos" not found in vault
Read credentials for http://chartmuseum.jenkins-x.io from vault helm/repos
Successfully added Helm repository chartmuseum.jenkins-x.io.
